=== RUN   TestE2E_GetAuthInfoWithResponse
=== RUN   TestE2E_UpdateAuthInfoWithResponse
=== RUN   TestE2E_GetBasicInfoWithResponse
=== RUN   TestE2E_UpdateBasicInfoWithResponse
=== RUN   TestE2E_GetSaasUsersWithResponse
=== RUN   TestE2E_CreateSaasUserWithResponse
=== RUN   TestE2E_GetSaasUserWithResponse
=== RUN   TestE2E_GetSaasUserWithResponse/無効なユーザーID_invalid-uuid
=== RUN   TestE2E_GetSaasUserWithResponse/無効なユーザーID_
=== RUN   TestE2E_GetSaasUserWithResponse/無効なユーザーID_00000000-0000-0000-0000-000000000000
=== RUN   TestE2E_DeleteSaasUserWithResponse
=== RUN   TestE2E_GetTenantsWithResponse
=== RUN   TestE2E_CreateTenantWithResponse
=== RUN   TestE2E_GetRolesWithResponse
=== RUN   TestE2E_CreateRoleWithResponse
=== RUN   TestE2E_GetEnvsWithResponse
=== RUN   TestE2E_GetUserAttributesWithResponse
=== RUN   TestE2E_GetTenantAttributesWithResponse
=== RUN   TestE2E_GetSignInSettingsWithResponse
=== RUN   TestE2E_GetIdentityProvidersWithResponse
=== RUN   TestE2E_GetCustomizePagesWithResponse
=== RUN   TestE2E_GetCustomizePageSettingsWithResponse
=== RUN   TestE2E_FindNotificationMessagesWithResponse
=== RUN   TestE2E_GetSingleTenantSettingsWithResponse
=== RUN   TestE2E_GetCloudFormationLaunchStackLinkForSingleTenantWithResponse
=== RUN   TestE2E_ResetPlanWithResponse
=== RUN   TestE2E_CreateTenantAndPricingWithResponse
=== RUN   TestE2E_DeleteStripeTenantAndPricingWithResponse
=== RUN   TestE2E_SignUpWithResponse
=== RUN   TestE2E_PerformanceBasic
=== RUN   TestE2E_PerformanceLoad
=== RUN   TestE2E_PerformanceLoad/軽負荷テスト
=== RUN   TestE2E_PerformanceLoad/中負荷テスト
=== RUN   TestE2E_PerformanceLoad/高負荷テスト
=== RUN   TestE2E_ConcurrentRequests
=== RUN   TestE2E_GetTenantWithResponse
=== RUN   TestE2E_GetTenantWithResponse/無効なテナントID_invalid-uuid
=== RUN   TestE2E_GetTenantWithResponse/無効なテナントID_
=== RUN   TestE2E_GetTenantWithResponse/無効なテナントID_00000000-0000-0000-0000-000000000000
=== RUN   TestE2E_DeleteTenantWithResponse
=== RUN   TestE2E_GetTenantUsersWithResponse
=== RUN   TestE2E_CreateTenantUserWithResponse
=== RUN   TestE2E_GetRoleWithResponse
=== RUN   TestE2E_GetRoleWithResponse/無効な役割名削除_nonexistent_role
=== RUN   TestE2E_GetRoleWithResponse/無効な役割名削除_
=== RUN   TestE2E_GetRoleWithResponse/無効な役割名削除_invalid_role_name
=== RUN   TestE2E_DeleteRoleWithResponse
=== RUN   TestE2E_CreateUserAttributeWithResponse
=== RUN   TestE2E_DeleteUserAttributeWithResponse
=== RUN   TestE2E_CreateTenantAttributeWithResponse
=== RUN   TestE2E_DeleteTenantAttributeWithResponse
=== RUN   TestE2E_CreateEnvWithResponse
=== RUN   TestE2E_GetEnvWithResponse
=== RUN   TestE2E_GetEnvWithResponse/無効な環境ID_𘚟
=== RUN   TestE2E_GetEnvWithResponse/無効な環境ID_\U00015b38
=== RUN   TestE2E_GetEnvWithResponse/無効な環境ID_𒿑
=== RUN   TestE2E_DeleteEnvWithResponse
=== RUN   TestE2E_UpdateSignInSettingsWithResponse
=== RUN   TestE2E_UpdateCustomizePagesWithResponse
=== RUN   TestE2E_UpdateCustomizePageSettingsWithResponse
=== RUN   TestE2E_UpdateNotificationMessagesWithResponse
=== RUN   TestE2E_UpdateSingleTenantSettingsWithResponse
=== RUN   TestE2E_GetAuthCredentialsWithResponse
=== RUN   TestE2E_GetAuthCredentialsWithResponse/認証情報取得_一時コード
=== RUN   TestE2E_GetAuthCredentialsWithResponse/認証情報取得_リフレッシュトークン
=== RUN   TestE2E_GetAuthCredentialsWithResponse/EdgeCase_無効な一時コード
=== RUN   TestE2E_GetAuthCredentialsWithResponse/EdgeCase_無効なリフレッシュトークン
=== RUN   TestE2E_CreateAuthCredentialsWithResponse
=== RUN   TestE2E_UpdateEnvWithResponse
=== RUN   TestE2E_LinkAwsMarketplaceWithResponse
=== RUN   TestE2E_SignUpWithAwsMarketplaceWithResponse
=== RUN   TestE2E_ConfirmSignUpWithAwsMarketplaceWithResponse
=== RUN   TestE2E_RequestExternalUserLinkWithResponse
=== RUN   TestE2E_ConfirmExternalUserLinkWithResponse
=== RUN   TestE2E_UpdateIdentityProviderWithResponse
=== RUN   TestE2E_GetAllTenantUsersWithResponse
=== RUN   TestE2E_GetAllTenantUserWithResponse
=== RUN   TestE2E_UpdateTenantWithResponse
=== RUN   TestE2E_GetTenantUserWithResponse
=== RUN   TestE2E_UpdateTenantUserWithResponse
=== RUN   TestE2E_DeleteTenantUserWithResponse
=== RUN   TestE2E_ValidateInvitationWithResponse
=== RUN   TestE2E_GetInvitationValidityWithResponse
=== RUN   TestE2E_UpdateTenantBillingInfoWithResponse
=== RUN   TestE2E_GetTenantIdentityProvidersWithResponse
=== RUN   TestE2E_UpdateTenantIdentityProviderWithResponse
=== RUN   TestE2E_GetTenantInvitationsWithResponse
=== RUN   TestE2E_CreateTenantInvitationWithResponse
=== RUN   TestE2E_GetTenantInvitationWithResponse
=== RUN   TestE2E_DeleteTenantInvitationWithResponse
=== RUN   TestE2E_UpdateTenantPlanWithResponse
=== RUN   TestE2E_GetStripeCustomerWithResponse
=== RUN   TestE2E_CreateTenantUserRolesWithResponse
=== RUN   TestE2E_DeleteTenantUserRoleWithResponse
=== RUN   TestE2E_GetUserInfoWithResponse
=== RUN   TestE2E_GetUserInfoWithResponse/有効なIDトークン
=== RUN   TestE2E_GetUserInfoWithResponse/EdgeCase_無効なIDトークン
=== RUN   TestE2E_GetUserInfoWithResponse/EdgeCase_空のIDトークン
=== RUN   TestE2E_GetUserInfoWithResponse/EdgeCase_期限切れトークン
=== RUN   TestE2E_UpdateSaasUserAttributesWithResponse
=== RUN   TestE2E_UpdateSaasUserEmailWithResponse
=== RUN   TestE2E_ConfirmEmailUpdateWithResponse
=== RUN   TestE2E_RequestEmailUpdateWithResponse
=== RUN   TestE2E_GetUserMfaPreferenceWithResponse
=== RUN   TestE2E_UpdateUserMfaPreferenceWithResponse
=== RUN   TestE2E_UpdateSoftwareTokenWithResponse
=== RUN   TestE2E_CreateSecretCodeWithResponse
=== RUN   TestE2E_UpdateSaasUserPasswordWithResponse
=== RUN   TestE2E_UnlinkProviderWithResponse
=== RUN   TestE2E_CreateSaasUserAttributeWithResponse
